<?xml version="1.0" encoding="UTF-8"?>
<testng-results ignored="0" total="1" passed="1" failed="0" skipped="0">
  <reporter-output>
  </reporter-output>
  <suite started-at="2025-12-24T12:38:07 IST" name="Default suite" finished-at="2025-12-24T12:38:07 IST" duration-ms="87">
    <groups>
    </groups>
    <test started-at="2025-12-24T12:38:07 IST" name="Default test" finished-at="2025-12-24T12:38:07 IST" duration-ms="87">
      <class name="com.unee.tests.DemoTest">
        <test-method signature="testlogin()[pri:0, instance:com.unee.tests.DemoTest@710636b0]" started-at="2025-12-24T12:38:07 IST" name="testlogin" finished-at="2025-12-24T12:38:07 IST" duration-ms="36" status="PASS">
          <reporter-output>
          </reporter-output>
        </test-method> <!-- testlogin -->
      </class> <!-- com.unee.tests.DemoTest -->
    </test> <!-- Default test -->
  </suite> <!-- Default suite -->
</testng-results>
